<?xml version="1.0" encoding="UTF-8"?>
<!-- Generated by org.testng.reporters.JUnitReportReporter -->
<testsuite skipped="0" hostname="DESKTOP-598O4S4" name="com.ultimatega.courses.testsuite.SignInTest" tests="1" failures="0" timestamp="2022-12-11T17:13:13 GMT" time="11.854" errors="0">
  <testcase name="verifyTheErrorMessage" time="11.854" classname="com.ultimatega.courses.testsuite.SignInTest"/>
  <system-out>
    <![CDATA[click on Sign in [[ChromeDriver: chrome on WINDOWS (16face703fb6e4f14f7e0d2a3a48829e)] -> xpath: //li[@class='header__nav-item header__nav-sign-in']/a]
Enter emailabcd@gamil.comto emailField [[ChromeDriver: chrome on WINDOWS (16face703fb6e4f14f7e0d2a3a48829e)] -> id: user[email]]
Enter passwordabcd1234to password [[ChromeDriver: chrome on WINDOWS (16face703fb6e4f14f7e0d2a3a48829e)] -> id: user[password]]
click on signIn[[ChromeDriver: chrome on WINDOWS (16face703fb6e4f14f7e0d2a3a48829e)] -> xpath: //button[contains(text(),'Sign in')]]
verify invaildfield text[[ChromeDriver: chrome on WINDOWS (16face703fb6e4f14f7e0d2a3a48829e)] -> xpath: //li[contains(text(),'Invalid email or password.')]]
Click to see screenshot
<a target = "_blank" href=C:\Users\hvtha\page-factory-ultimateqa-proj2/test-output/html/verifyTheErrorMessageSun_Dec_11_17_13_12_GMT_2022.jpg>Screenshot</a>
<br>
<br>
<a target = "_blank" href=C:\Users\hvtha\page-factory-ultimateqa-proj2/test-output/html/verifyTheErrorMessageSun_Dec_11_17_13_12_GMT_2022.jpg><img src=C:\Users\hvtha\page-factory-ultimateqa-proj2/test-output/html/verifyTheErrorMessageSun_Dec_11_17_13_12_GMT_2022.jpg height=200 width=200></img></a>]]>
  </system-out>
</testsuite> <!-- com.ultimatega.courses.testsuite.SignInTest -->
